  main.cpp
C:\Users\asus\source\repos\Projekt_Koncowy\funkcje.cpp(59,15): warning C4244: 'argument': conversion from 'time_t' to 'unsigned int', possible loss of data
C:\Users\asus\source\repos\Projekt_Koncowy\funkcje.cpp(203,45): warning C4244: 'argument': conversion from 'int' to 'float', possible loss of data
C:\Users\asus\source\repos\Projekt_Koncowy\funkcje.cpp(203,36): warning C4244: 'argument': conversion from 'int' to 'float', possible loss of data
C:\Users\asus\source\repos\Projekt_Koncowy\funkcje.cpp(208,37): warning C4244: 'argument': conversion from 'int' to 'float', possible loss of data
C:\Users\asus\source\repos\Projekt_Koncowy\funkcje.cpp(208,28): warning C4244: 'argument': conversion from 'int' to 'float', possible loss of data
C:\Users\asus\source\repos\Projekt_Koncowy\funkcje.cpp(215,41): warning C4244: 'argument': conversion from 'int' to 'float', possible loss of data
C:\Users\asus\source\repos\Projekt_Koncowy\funkcje.cpp(215,33): warning C4244: 'argument': conversion from 'int' to 'float', possible loss of data
main.obj : error LNK2005: "public: __thiscall Pies::~Pies(void)" (??1Pies@@QAE@XZ) already defined in funkcje.obj
main.obj : error LNK2005: "public: void __thiscall Pies::gra(void)" (?gra@Pies@@QAEXXZ) already defined in funkcje.obj
main.obj : error LNK2005: "void __cdecl przywitanie(void)" (?przywitanie@@YAXXZ) already defined in funkcje.obj
main.obj : error LNK2005: "public: void __thiscall Pies::ruch(void)" (?ruch@Pies@@QAEXXZ) already defined in funkcje.obj
main.obj : error LNK2005: "public: void __thiscall Pies::update(int,int)" (?update@Pies@@QAEXHH@Z) already defined in funkcje.obj
main.obj : error LNK2005: "float (* mapa)[40]" (?mapa@@3PAY0CI@MA) already defined in funkcje.obj
main.obj : error LNK2005: "int kaf" (?kaf@@3HA) already defined in funkcje.obj
funkcje.obj : error LNK2019: unresolved external symbol "__declspec(dllimport) public: float __thiscall sf::Time::asSeconds(void)const " (__imp_?asSeconds@Time@sf@@QBEMXZ) referenced in function "public: void __thiscall Pies::gra(void)" (?gra@Pies@@QAEXXZ)
main.obj : error LNK2001: unresolved external symbol "__declspec(dllimport) public: float __thiscall sf::Time::asSeconds(void)const " (__imp_?asSeconds@Time@sf@@QBEMXZ)
funkcje.obj : error LNK2019: unresolved external symbol "__declspec(dllimport) public: __thiscall sf::Clock::Clock(void)" (__imp_??0Clock@sf@@QAE@XZ) referenced in function "public: void __thiscall Pies::gra(void)" (?gra@Pies@@QAEXXZ)
main.obj : error LNK2001: unresolved external symbol "__declspec(dllimport) public: __thiscall sf::Clock::Clock(void)" (__imp_??0Clock@sf@@QAE@XZ)
funkcje.obj : error LNK2019: unresolved external symbol "__declspec(dllimport) public: class sf::Time __thiscall sf::Clock::getElapsedTime(void)const " (__imp_?getElapsedTime@Clock@sf@@QBE?AVTime@2@XZ) referenced in function "public: void __thiscall Pies::gra(void)" (?gra@Pies@@QAEXXZ)
main.obj : error LNK2001: unresolved external symbol "__declspec(dllimport) public: class sf::Time __thiscall sf::Clock::getElapsedTime(void)const " (__imp_?getElapsedTime@Clock@sf@@QBE?AVTime@2@XZ)
funkcje.obj : error LNK2019: unresolved external symbol "__declspec(dllimport) public: class sf::Time __thiscall sf::Clock::restart(void)" (__imp_?restart@Clock@sf@@QAE?AVTime@2@XZ) referenced in function "public: void __thiscall Pies::gra(void)" (?gra@Pies@@QAEXXZ)
main.obj : error LNK2001: unresolved external symbol "__declspec(dllimport) public: class sf::Time __thiscall sf::Clock::restart(void)" (__imp_?restart@Clock@sf@@QAE?AVTime@2@XZ)
funkcje.obj : error LNK2019: unresolved external symbol "__declspec(dllimport) public: __thiscall sf::String::String(char const *,class std::locale const &)" (__imp_??0String@sf@@QAE@PBDABVlocale@std@@@Z) referenced in function "public: void __thiscall Pies::gra(void)" (?gra@Pies@@QAEXXZ)
main.obj : error LNK2001: unresolved external symbol "__declspec(dllimport) public: __thiscall sf::String::String(char const *,class std::locale const &)" (__imp_??0String@sf@@QAE@PBDABVlocale@std@@@Z)
funkcje.obj : error LNK2019: unresolved external symbol "__declspec(dllimport) public: __thiscall sf::String::~String(void)" (__imp_??1String@sf@@QAE@XZ) referenced in function "public: void __thiscall Pies::gra(void)" (?gra@Pies@@QAEXXZ)
main.obj : error LNK2001: unresolved external symbol "__declspec(dllimport) public: __thiscall sf::String::~String(void)" (__imp_??1String@sf@@QAE@XZ)
funkcje.obj : error LNK2019: unresolved external symbol "__declspec(dllimport) public: static bool __cdecl sf::Keyboard::isKeyPressed(enum sf::Keyboard::Key)" (__imp_?isKeyPressed@Keyboard@sf@@SA_NW4Key@12@@Z) referenced in function "public: void __thiscall Pies::gra(void)" (?gra@Pies@@QAEXXZ)
main.obj : error LNK2001: unresolved external symbol "__declspec(dllimport) public: static bool __cdecl sf::Keyboard::isKeyPressed(enum sf::Keyboard::Key)" (__imp_?isKeyPressed@Keyboard@sf@@SA_NW4Key@12@@Z)
funkcje.obj : error LNK2019: unresolved external symbol "__declspec(dllimport) public: __thiscall sf::VideoMode::VideoMode(unsigned int,unsigned int,unsigned int)" (__imp_??0VideoMode@sf@@QAE@III@Z) referenced in function "public: void __thiscall Pies::gra(void)" (?gra@Pies@@QAEXXZ)
main.obj : error LNK2001: unresolved external symbol "__declspec(dllimport) public: __thiscall sf::VideoMode::VideoMode(unsigned int,unsigned int,unsigned int)" (__imp_??0VideoMode@sf@@QAE@III@Z)
funkcje.obj : error LNK2019: unresolved external symbol "__declspec(dllimport) public: void __thiscall sf::Window::close(void)" (__imp_?close@Window@sf@@QAEXXZ) referenced in function "public: void __thiscall Pies::gra(void)" (?gra@Pies@@QAEXXZ)
main.obj : error LNK2001: unresolved external symbol "__declspec(dllimport) public: void __thiscall sf::Window::close(void)" (__imp_?close@Window@sf@@QAEXXZ)
funkcje.obj : error LNK2019: unresolved external symbol "__declspec(dllimport) public: bool __thiscall sf::Window::isOpen(void)const " (__imp_?isOpen@Window@sf@@QBE_NXZ) referenced in function "public: void __thiscall Pies::gra(void)" (?gra@Pies@@QAEXXZ)
main.obj : error LNK2001: unresolved external symbol "__declspec(dllimport) public: bool __thiscall sf::Window::isOpen(void)const " (__imp_?isOpen@Window@sf@@QBE_NXZ)
funkcje.obj : error LNK2019: unresolved external symbol "__declspec(dllimport) public: bool __thiscall sf::Window::pollEvent(class sf::Event &)" (__imp_?pollEvent@Window@sf@@QAE_NAAVEvent@2@@Z) referenced in function "public: void __thiscall Pies::gra(void)" (?gra@Pies@@QAEXXZ)
main.obj : error LNK2001: unresolved external symbol "__declspec(dllimport) public: bool __thiscall sf::Window::pollEvent(class sf::Event &)" (__imp_?pollEvent@Window@sf@@QAE_NAAVEvent@2@@Z)
funkcje.obj : error LNK2019: unresolved external symbol "__declspec(dllimport) public: void __thiscall sf::Window::setFramerateLimit(unsigned int)" (__imp_?setFramerateLimit@Window@sf@@QAEXI@Z) referenced in function "public: void __thiscall Pies::gra(void)" (?gra@Pies@@QAEXXZ)
main.obj : error LNK2001: unresolved external symbol "__declspec(dllimport) public: void __thiscall sf::Window::setFramerateLimit(unsigned int)" (__imp_?setFramerateLimit@Window@sf@@QAEXI@Z)
funkcje.obj : error LNK2019: unresolved external symbol "__declspec(dllimport) public: void __thiscall sf::Window::display(void)" (__imp_?display@Window@sf@@QAEXXZ) referenced in function "public: void __thiscall Pies::gra(void)" (?gra@Pies@@QAEXXZ)
main.obj : error LNK2001: unresolved external symbol "__declspec(dllimport) public: void __thiscall sf::Window::display(void)" (__imp_?display@Window@sf@@QAEXXZ)
funkcje.obj : error LNK2019: unresolved external symbol "__declspec(dllimport) public: void __thiscall sf::Transformable::setPosition(float,float)" (__imp_?setPosition@Transformable@sf@@QAEXMM@Z) referenced in function "public: void __thiscall Pies::gra(void)" (?gra@Pies@@QAEXXZ)
main.obj : error LNK2001: unresolved external symbol "__declspec(dllimport) public: void __thiscall sf::Transformable::setPosition(float,float)" (__imp_?setPosition@Transformable@sf@@QAEXMM@Z)
funkcje.obj : error LNK2019: unresolved external symbol "__declspec(dllimport) public: void __thiscall sf::Transformable::setOrigin(float,float)" (__imp_?setOrigin@Transformable@sf@@QAEXMM@Z) referenced in function "public: void __thiscall Pies::gra(void)" (?gra@Pies@@QAEXXZ)
main.obj : error LNK2001: unresolved external symbol "__declspec(dllimport) public: void __thiscall sf::Transformable::setOrigin(float,float)" (__imp_?setOrigin@Transformable@sf@@QAEXMM@Z)
funkcje.obj : error LNK2019: unresolved external symbol "__declspec(dllimport) public: void __thiscall sf::Transformable::rotate(float)" (__imp_?rotate@Transformable@sf@@QAEXM@Z) referenced in function "public: void __thiscall Pies::gra(void)" (?gra@Pies@@QAEXXZ)
main.obj : error LNK2001: unresolved external symbol "__declspec(dllimport) public: void __thiscall sf::Transformable::rotate(float)" (__imp_?rotate@Transformable@sf@@QAEXM@Z)
funkcje.obj : error LNK2019: unresolved external symbol "__declspec(dllimport) public: __thiscall sf::Color::Color(unsigned char,unsigned char,unsigned char,unsigned char)" (__imp_??0Color@sf@@QAE@EEEE@Z) referenced in function "public: void __thiscall Pies::gra(void)" (?gra@Pies@@QAEXXZ)
main.obj : error LNK2001: unresolved external symbol "__declspec(dllimport) public: __thiscall sf::Color::Color(unsigned char,unsigned char,unsigned char,unsigned char)" (__imp_??0Color@sf@@QAE@EEEE@Z)
funkcje.obj : error LNK2019: unresolved external symbol "__declspec(dllimport) public: __thiscall sf::Texture::Texture(void)" (__imp_??0Texture@sf@@QAE@XZ) referenced in function "public: void __thiscall Pies::gra(void)" (?gra@Pies@@QAEXXZ)
main.obj : error LNK2001: unresolved external symbol "__declspec(dllimport) public: __thiscall sf::Texture::Texture(void)" (__imp_??0Texture@sf@@QAE@XZ)
funkcje.obj : error LNK2019: unresolved external symbol "__declspec(dllimport) public: __thiscall sf::Texture::~Texture(void)" (__imp_??1Texture@sf@@QAE@XZ) referenced in function "public: void __thiscall Pies::gra(void)" (?gra@Pies@@QAEXXZ)
main.obj : error LNK2001: unresolved external symbol "__declspec(dllimport) public: __thiscall sf::Texture::~Texture(void)" (__imp_??1Texture@sf@@QAE@XZ)
funkcje.obj : error LNK2019: unresolved external symbol "__declspec(dllimport) public: bool __thiscall sf::Texture::loadFromFile(class std::basic_string<char,struct std::char_traits<char>,class std::allocator<char> > const &,class sf::Rect<int> const &)" (__imp_?loadFromFile@Texture@sf@@QAE_NABV?$basic_string@DU?$char_traits@D@std@@V?$allocator@D@2@@std@@ABV?$Rect@H@2@@Z) referenced in function "public: void __thiscall Pies::gra(void)" (?gra@Pies@@QAEXXZ)
main.obj : error LNK2001: unresolved external symbol "__declspec(dllimport) public: bool __thiscall sf::Texture::loadFromFile(class std::basic_string<char,struct std::char_traits<char>,class std::allocator<char> > const &,class sf::Rect<int> const &)" (__imp_?loadFromFile@Texture@sf@@QAE_NABV?$basic_string@DU?$char_traits@D@std@@V?$allocator@D@2@@std@@ABV?$Rect@H@2@@Z)
funkcje.obj : error LNK2019: unresolved external symbol "__declspec(dllimport) public: void __thiscall sf::RenderTarget::clear(class sf::Color const &)" (__imp_?clear@RenderTarget@sf@@QAEXABVColor@2@@Z) referenced in function "public: void __thiscall Pies::gra(void)" (?gra@Pies@@QAEXXZ)
main.obj : error LNK2001: unresolved external symbol "__declspec(dllimport) public: void __thiscall sf::RenderTarget::clear(class sf::Color const &)" (__imp_?clear@RenderTarget@sf@@QAEXABVColor@2@@Z)
funkcje.obj : error LNK2019: unresolved external symbol "__declspec(dllimport) public: void __thiscall sf::RenderTarget::draw(class sf::Drawable const &,class sf::RenderStates const &)" (__imp_?draw@RenderTarget@sf@@QAEXABVDrawable@2@ABVRenderStates@2@@Z) referenced in function "public: void __thiscall Pies::gra(void)" (?gra@Pies@@QAEXXZ)
main.obj : error LNK2001: unresolved external symbol "__declspec(dllimport) public: void __thiscall sf::RenderTarget::draw(class sf::Drawable const &,class sf::RenderStates const &)" (__imp_?draw@RenderTarget@sf@@QAEXABVDrawable@2@ABVRenderStates@2@@Z)
funkcje.obj : error LNK2019: unresolved external symbol "__declspec(dllimport) public: __thiscall sf::RenderWindow::RenderWindow(class sf::VideoMode,class sf::String const &,unsigned int,struct sf::ContextSettings const &)" (__imp_??0RenderWindow@sf@@QAE@VVideoMode@1@ABVString@1@IABUContextSettings@1@@Z) referenced in function "public: void __thiscall Pies::gra(void)" (?gra@Pies@@QAEXXZ)
main.obj : error LNK2001: unresolved external symbol "__declspec(dllimport) public: __thiscall sf::RenderWindow::RenderWindow(class sf::VideoMode,class sf::String const &,unsigned int,struct sf::ContextSettings const &)" (__imp_??0RenderWindow@sf@@QAE@VVideoMode@1@ABVString@1@IABUContextSettings@1@@Z)
funkcje.obj : error LNK2019: unresolved external symbol "__declspec(dllimport) public: virtual __thiscall sf::RenderWindow::~RenderWindow(void)" (__imp_??1RenderWindow@sf@@UAE@XZ) referenced in function "public: void __thiscall Pies::gra(void)" (?gra@Pies@@QAEXXZ)
main.obj : error LNK2001: unresolved external symbol "__declspec(dllimport) public: virtual __thiscall sf::RenderWindow::~RenderWindow(void)" (__imp_??1RenderWindow@sf@@UAE@XZ)
funkcje.obj : error LNK2019: unresolved external symbol "__declspec(dllimport) public: __thiscall sf::Sprite::Sprite(class sf::Texture const &)" (__imp_??0Sprite@sf@@QAE@ABVTexture@1@@Z) referenced in function "public: void __thiscall Pies::gra(void)" (?gra@Pies@@QAEXXZ)
main.obj : error LNK2001: unresolved external symbol "__declspec(dllimport) public: __thiscall sf::Sprite::Sprite(class sf::Texture const &)" (__imp_??0Sprite@sf@@QAE@ABVTexture@1@@Z)
funkcje.obj : error LNK2019: unresolved external symbol "__declspec(dllimport) public: void __thiscall sf::Sprite::setTextureRect(class sf::Rect<int> const &)" (__imp_?setTextureRect@Sprite@sf@@QAEXABV?$Rect@H@2@@Z) referenced in function "public: void __thiscall Pies::gra(void)" (?gra@Pies@@QAEXXZ)
main.obj : error LNK2001: unresolved external symbol "__declspec(dllimport) public: void __thiscall sf::Sprite::setTextureRect(class sf::Rect<int> const &)" (__imp_?setTextureRect@Sprite@sf@@QAEXABV?$Rect@H@2@@Z)
funkcje.obj : error LNK2019: unresolved external symbol "__declspec(dllimport) public: virtual __thiscall sf::Sprite::~Sprite(void)" (__imp_??1Sprite@sf@@UAE@XZ) referenced in function "public: void __thiscall Pies::gra(void)" (?gra@Pies@@QAEXXZ)
main.obj : error LNK2001: unresolved external symbol "__declspec(dllimport) public: virtual __thiscall sf::Sprite::~Sprite(void)" (__imp_??1Sprite@sf@@UAE@XZ)
funkcje.obj : error LNK2019: unresolved external symbol "__declspec(dllimport) public: static class sf::RenderStates const sf::RenderStates::Default" (__imp_?Default@RenderStates@sf@@2V12@B) referenced in function "public: void __thiscall Pies::gra(void)" (?gra@Pies@@QAEXXZ)
main.obj : error LNK2001: unresolved external symbol "__declspec(dllimport) public: static class sf::RenderStates const sf::RenderStates::Default" (__imp_?Default@RenderStates@sf@@2V12@B)
C:\SFML-2.5.1\lib\sfml-system-d.lib : warning LNK4272: library machine type 'x64' conflicts with target machine type 'x86'
C:\SFML-2.5.1\lib\sfml-window-d.lib : warning LNK4272: library machine type 'x64' conflicts with target machine type 'x86'
C:\SFML-2.5.1\lib\sfml-graphics-d.lib : warning LNK4272: library machine type 'x64' conflicts with target machine type 'x86'
C:\SFML-2.5.1\lib\sfml-main-d.lib : warning LNK4272: library machine type 'x64' conflicts with target machine type 'x86'
C:\Users\asus\source\repos\Projekt_Koncowy\Debug\Projekt_Koncowy.exe : fatal error LNK1120: 28 unresolved externals
